\BOOKMARK [1][-]{section.1}{\376\377\000A\000R\000C\000H\000I\000T\000E\000C\000T\000U\000R\000E\000\040\000R\000E\000V\000I\000S\000I\000O\000N\000\040\000-\000\040\000D\000e\000c\000e\000m\000b\000e\000r\000\040\0002\0000\0002\0004}{}% 1
\BOOKMARK [2][-]{subsection.1.1}{\376\377\000R\000e\000v\000i\000s\000e\000d\000\040\000C\000o\000m\000p\000o\000n\000e\000n\000t\000\040\000R\000o\000l\000e\000s}{section.1}% 2
\BOOKMARK [2][-]{subsection.1.2}{\376\377\000K\000e\000y\000\040\000C\000h\000a\000n\000g\000e\000s\000\040\000f\000r\000o\000m\000\040\000P\000r\000e\000v\000i\000o\000u\000s\000\040\000M\000o\000d\000e\000l}{section.1}% 3
\BOOKMARK [2][-]{subsection.1.3}{\376\377\000B\000e\000n\000e\000f\000i\000t\000s\000\040\000o\000f\000\040\000R\000e\000v\000i\000s\000e\000d\000\040\000A\000r\000c\000h\000i\000t\000e\000c\000t\000u\000r\000e}{section.1}% 4
\BOOKMARK [2][-]{subsection.1.4}{\376\377\000I\000m\000p\000a\000c\000t\000\040\000o\000n\000\040\000T\000h\000i\000s\000\040\000D\000o\000c\000u\000m\000e\000n\000t}{section.1}% 5
\BOOKMARK [2][-]{subsection.1.5}{\376\377\000I\000n\000t\000e\000g\000r\000a\000t\000i\000o\000n\000\040\000i\000n\000\040\000N\000e\000w\000\040\000M\000o\000d\000e\000l}{section.1}% 6
\BOOKMARK [1][-]{section.2}{\376\377\000E\000x\000e\000c\000u\000t\000i\000v\000e\000\040\000S\000u\000m\000m\000a\000r\000y}{}% 7
\BOOKMARK [2][-]{subsection.2.1}{\376\377\000P\000u\000r\000p\000o\000s\000e\000\040\000a\000n\000d\000\040\000S\000c\000o\000p\000e}{section.2}% 8
\BOOKMARK [2][-]{subsection.2.2}{\376\377\000S\000c\000i\000e\000n\000t\000i\000f\000i\000c\000\040\000C\000o\000n\000t\000e\000x\000t\000:\000\040\000T\000h\000e\000\040\000A\000d\000v\000a\000n\000D\000E\000B\000\040\000R\000e\000s\000e\000a\000r\000c\000h\000\040\000P\000r\000o\000j\000e\000c\000t}{section.2}% 9
\BOOKMARK [2][-]{subsection.2.3}{\376\377\000P\000l\000a\000t\000f\000o\000r\000m\000\040\000M\000i\000s\000s\000i\000o\000n\000\040\000a\000n\000d\000\040\000R\000e\000q\000u\000i\000r\000e\000m\000e\000n\000t\000s}{section.2}% 10
\BOOKMARK [2][-]{subsection.2.4}{\376\377\000A\000r\000c\000h\000i\000t\000e\000c\000t\000u\000r\000a\000l\000\040\000P\000h\000i\000l\000o\000s\000o\000p\000h\000y}{section.2}% 11
\BOOKMARK [2][-]{subsection.2.5}{\376\377\000D\000o\000c\000u\000m\000e\000n\000t\000\040\000P\000u\000r\000p\000o\000s\000e}{section.2}% 12
\BOOKMARK [2][-]{subsection.2.6}{\376\377\000D\000o\000c\000u\000m\000e\000n\000t\000\040\000S\000t\000r\000u\000c\000t\000u\000r\000e}{section.2}% 13
\BOOKMARK [1][-]{section.3}{\376\377\000S\000c\000a\000l\000e\000\040\000C\000o\000n\000s\000i\000d\000e\000r\000a\000t\000i\000o\000n\000s\000\040\000a\000n\000d\000\040\000D\000e\000s\000i\000g\000n\000\040\000C\000o\000n\000s\000t\000r\000a\000i\000n\000t\000s}{}% 14
\BOOKMARK [2][-]{subsection.3.1}{\376\377\000B\000e\000t\000a\000\040\000P\000l\000a\000t\000f\000o\000r\000m\000:\000\040\0001\0000\000-\0002\0000\000\040\000U\000s\000e\000r\000s\000,\000\040\000M\000a\000x\000i\000m\000u\000m\000\040\000\040\0001\0000\0000\000\040\000U\000s\000e\000r\000s}{section.3}% 15
\BOOKMARK [1][-]{section.4}{\376\377\000S\000y\000s\000t\000e\000m\000\040\000A\000r\000c\000h\000i\000t\000e\000c\000t\000u\000r\000e\000:\000\040\000T\000h\000e\000\040\000F\000u\000n\000d\000a\000m\000e\000n\000t\000a\000l\000\040\000C\000h\000o\000i\000c\000e\000s}{}% 16
\BOOKMARK [2][-]{subsection.4.1}{\376\377\000T\000h\000e\000\040\000T\000h\000r\000e\000e\000-\000C\000o\000m\000p\000o\000n\000e\000n\000t\000\040\000A\000r\000c\000h\000i\000t\000e\000c\000t\000u\000r\000e\000\040\000\050\000R\000e\000v\000i\000s\000e\000d\000\040\000D\000e\000c\000e\000m\000b\000e\000r\000\040\0002\0000\0002\0004\000\051}{section.4}% 17
\BOOKMARK [2][-]{subsection.4.2}{\376\377\000S\000h\000a\000r\000e\000d\000\040\000D\000a\000t\000a\000b\000a\000s\000e\000\040\000A\000r\000c\000h\000i\000t\000e\000c\000t\000u\000r\000e}{section.4}% 18
\BOOKMARK [2][-]{subsection.4.3}{\376\377\000T\000h\000e\000\040\000a\000d\000v\000a\000n\000d\000e\000b\000-\000s\000h\000a\000r\000e\000d\000-\000u\000t\000i\000l\000s\000\040\000P\000a\000c\000k\000a\000g\000e}{section.4}% 19
\BOOKMARK [1][-]{section.5}{\376\377\000A\000u\000t\000h\000e\000n\000t\000i\000c\000a\000t\000i\000o\000n\000\040\000A\000r\000c\000h\000i\000t\000e\000c\000t\000u\000r\000e}{}% 20
\BOOKMARK [2][-]{subsection.5.1}{\376\377\000G\000o\000o\000g\000l\000e\000\040\000O\000A\000u\000t\000h\000\040\0002\000.\0000\000\040\000a\000s\000\040\000P\000r\000i\000m\000a\000r\000y\000\040\000A\000u\000t\000h\000e\000n\000t\000i\000c\000a\000t\000i\000o\000n}{section.5}% 21
\BOOKMARK [2][-]{subsection.5.2}{\376\377\000J\000W\000T\000\040\000T\000o\000k\000e\000n\000s\000\040\000f\000o\000r\000\040\000S\000e\000s\000s\000i\000o\000n\000\040\000M\000a\000n\000a\000g\000e\000m\000e\000n\000t}{section.5}% 22
\BOOKMARK [2][-]{subsection.5.3}{\376\377\000A\000P\000I\000\040\000K\000e\000y\000s\000\040\000f\000o\000r\000\040\000P\000r\000o\000g\000r\000a\000m\000m\000a\000t\000i\000c\000\040\000A\000c\000c\000e\000s\000s}{section.5}% 23
\BOOKMARK [2][-]{subsection.5.4}{\376\377\000S\000i\000n\000g\000l\000e\000\040\000S\000i\000g\000n\000-\000O\000n\000\040\000A\000c\000r\000o\000s\000s\000\040\000C\000o\000m\000p\000o\000n\000e\000n\000t\000s}{section.5}% 24
\BOOKMARK [1][-]{section.6}{\376\377\000R\000o\000l\000e\000\040\000M\000o\000d\000e\000l\000:\000\040\000C\000a\000p\000a\000b\000i\000l\000i\000t\000y\000-\000B\000a\000s\000e\000d\000\040\000P\000e\000r\000m\000i\000s\000s\000i\000o\000n\000s}{}% 25
\BOOKMARK [2][-]{subsection.6.1}{\376\377\000E\000v\000o\000l\000u\000t\000i\000o\000n\000\040\000T\000h\000r\000o\000u\000g\000h\000\040\000T\000h\000r\000e\000e\000\040\000V\000e\000r\000s\000i\000o\000n\000s}{section.6}% 26
\BOOKMARK [2][-]{subsection.6.2}{\376\377\000T\000h\000e\000\040\000T\000h\000r\000e\000e\000\040\000C\000a\000p\000a\000b\000i\000l\000i\000t\000i\000e\000s}{section.6}% 27
\BOOKMARK [2][-]{subsection.6.3}{\376\377\000W\000h\000y\000\040\000K\000n\000o\000w\000l\000e\000d\000g\000e\000\040\000E\000x\000p\000l\000o\000r\000a\000t\000o\000r\000\040\000M\000a\000t\000t\000e\000r\000s}{section.6}% 28
\BOOKMARK [1][-]{section.7}{\376\377\000D\000a\000t\000a\000b\000a\000s\000e\000\040\000D\000e\000s\000i\000g\000n\000:\000\040\000M\000o\000n\000g\000o\000D\000B\000\040\000a\000s\000\040\000F\000o\000u\000n\000d\000a\000t\000i\000o\000n}{}% 29
\BOOKMARK [2][-]{subsection.7.1}{\376\377\000W\000h\000y\000\040\000M\000o\000n\000g\000o\000D\000B\000\040\000O\000v\000e\000r\000\040\000R\000e\000l\000a\000t\000i\000o\000n\000a\000l\000\040\000D\000a\000t\000a\000b\000a\000s\000e\000s}{section.7}% 30
\BOOKMARK [2][-]{subsection.7.2}{\376\377\000C\000o\000l\000l\000e\000c\000t\000i\000o\000n\000\040\000D\000e\000s\000i\000g\000n\000\040\000a\000n\000d\000\040\000D\000a\000t\000a\000\040\000M\000o\000d\000e\000l\000i\000n\000g}{section.7}% 31
\BOOKMARK [1][-]{section.8}{\376\377\000S\000e\000c\000u\000r\000i\000t\000y\000\040\000A\000r\000c\000h\000i\000t\000e\000c\000t\000u\000r\000e}{}% 32
\BOOKMARK [2][-]{subsection.8.1}{\376\377\000D\000e\000f\000e\000n\000s\000e\000\040\000i\000n\000\040\000D\000e\000p\000t\000h\000\040\000T\000h\000r\000o\000u\000g\000h\000\040\000M\000u\000l\000t\000i\000p\000l\000e\000\040\000A\000u\000t\000h\000\040\000M\000e\000t\000h\000o\000d\000s}{section.8}% 33
\BOOKMARK [2][-]{subsection.8.2}{\376\377\000R\000a\000t\000e\000\040\000L\000i\000m\000i\000t\000i\000n\000g\000\040\000f\000o\000r\000\040\000A\000b\000u\000s\000e\000\040\000P\000r\000e\000v\000e\000n\000t\000i\000o\000n}{section.8}% 34
\BOOKMARK [2][-]{subsection.8.3}{\376\377\000C\000o\000m\000p\000r\000e\000h\000e\000n\000s\000i\000v\000e\000\040\000A\000u\000d\000i\000t\000\040\000L\000o\000g\000g\000i\000n\000g}{section.8}% 35
\BOOKMARK [1][-]{section.9}{\376\377\000S\000c\000a\000l\000a\000b\000i\000l\000i\000t\000y\000\040\000a\000n\000d\000\040\000P\000e\000r\000f\000o\000r\000m\000a\000n\000c\000e}{}% 36
\BOOKMARK [2][-]{subsection.9.1}{\376\377\000S\000t\000a\000t\000e\000l\000e\000s\000s\000\040\000A\000r\000c\000h\000i\000t\000e\000c\000t\000u\000r\000e\000\040\000f\000o\000r\000\040\000H\000o\000r\000i\000z\000o\000n\000t\000a\000l\000\040\000S\000c\000a\000l\000i\000n\000g}{section.9}% 37
\BOOKMARK [2][-]{subsection.9.2}{\376\377\000T\000o\000k\000e\000n\000\040\000L\000i\000f\000e\000t\000i\000m\000e\000\040\000B\000a\000l\000a\000n\000c\000i\000n\000g\000\040\000S\000e\000c\000u\000r\000i\000t\000y\000\040\000a\000n\000d\000\040\000C\000o\000n\000v\000e\000n\000i\000e\000n\000c\000e}{section.9}% 38
\BOOKMARK [1][-]{section.10}{\376\377\000D\000e\000p\000l\000o\000y\000m\000e\000n\000t\000\040\000a\000n\000d\000\040\000O\000p\000e\000r\000a\000t\000i\000o\000n\000s}{}% 39
\BOOKMARK [2][-]{subsection.10.1}{\376\377\000T\000h\000r\000e\000e\000-\000E\000n\000v\000i\000r\000o\000n\000m\000e\000n\000t\000\040\000S\000t\000r\000a\000t\000e\000g\000y}{section.10}% 40
\BOOKMARK [1][-]{section.11}{\376\377\000K\000n\000o\000w\000l\000e\000d\000g\000e\000\040\000B\000u\000i\000l\000d\000e\000r\000\040\000A\000r\000c\000h\000i\000t\000e\000c\000t\000u\000r\000e}{}% 41
\BOOKMARK [2][-]{subsection.11.1}{\376\377\000K\000n\000o\000w\000l\000e\000d\000g\000e\000\040\000R\000e\000p\000r\000e\000s\000e\000n\000t\000a\000t\000i\000o\000n\000:\000\040\000F\000a\000c\000t\000s\000,\000\040\000S\000t\000y\000l\000i\000z\000e\000d\000\040\000F\000a\000c\000t\000s\000,\000\040\000a\000n\000d\000\040\000G\000r\000a\000p\000h\000s}{section.11}% 42
\BOOKMARK [2][-]{subsection.11.2}{\376\377\000D\000o\000c\000u\000m\000e\000n\000t\000\040\000I\000n\000g\000e\000s\000t\000i\000o\000n\000\040\000P\000i\000p\000e\000l\000i\000n\000e}{section.11}% 43
\BOOKMARK [2][-]{subsection.11.3}{\376\377\000A\000g\000e\000n\000t\000\040\000F\000r\000a\000m\000e\000w\000o\000r\000k\000\040\000A\000r\000c\000h\000i\000t\000e\000c\000t\000u\000r\000e}{section.11}% 44
\BOOKMARK [2][-]{subsection.11.4}{\376\377\000K\000n\000o\000w\000l\000e\000d\000g\000e\000\040\000Q\000u\000e\000r\000y\000\040\000a\000n\000d\000\040\000S\000e\000a\000r\000c\000h}{section.11}% 45
\BOOKMARK [1][-]{section.12}{\376\377\000M\000o\000d\000e\000l\000i\000n\000g\000\040\000A\000s\000s\000i\000s\000t\000a\000n\000t\000\040\000A\000r\000c\000h\000i\000t\000e\000c\000t\000u\000r\000e}{}% 46
\BOOKMARK [2][-]{subsection.12.1}{\376\377\000C\000h\000a\000t\000b\000o\000t\000-\000D\000r\000i\000v\000e\000n\000\040\000M\000o\000d\000e\000l\000\040\000D\000e\000v\000e\000l\000o\000p\000m\000e\000n\000t\000\040\000w\000i\000t\000h\000\040\000R\000A\000G}{section.12}% 47
\BOOKMARK [2][-]{subsection.12.2}{\376\377\000S\000c\000e\000n\000a\000r\000i\000o\000-\000B\000a\000s\000e\000d\000\040\000M\000o\000d\000e\000l\000i\000n\000g\000\040\000W\000o\000r\000k\000f\000l\000o\000w}{section.12}% 48
\BOOKMARK [2][-]{subsection.12.3}{\376\377\000M\000o\000d\000e\000l\000\040\000A\000s\000s\000e\000m\000b\000l\000y\000\040\000a\000n\000d\000\040\000R\000e\000p\000r\000e\000s\000e\000n\000t\000a\000t\000i\000o\000n}{section.12}% 49
\BOOKMARK [2][-]{subsection.12.4}{\376\377\000I\000n\000t\000e\000g\000r\000a\000t\000i\000o\000n\000\040\000w\000i\000t\000h\000\040\000K\000n\000o\000w\000l\000e\000d\000g\000e\000\040\000B\000u\000i\000l\000d\000e\000r}{section.12}% 50
\BOOKMARK [1][-]{section.13}{\376\377\000I\000n\000t\000e\000g\000r\000a\000t\000i\000o\000n\000\040\000A\000r\000c\000h\000i\000t\000e\000c\000t\000u\000r\000e\000\040\000a\000n\000d\000\040\000D\000a\000t\000a\000\040\000C\000o\000n\000t\000r\000a\000c\000t\000s}{}% 51
\BOOKMARK [2][-]{subsection.13.1}{\376\377\000K\000n\000o\000w\000l\000e\000d\000g\000e\000\040\000S\000h\000a\000r\000i\000n\000g\000\040\000M\000o\000d\000e\000l\000:\000\040\000A\000P\000I\000\040\000C\000o\000n\000t\000r\000a\000c\000t\000s\000\040\000v\000s\000.\000\040\000S\000h\000a\000r\000e\000d\000\040\000D\000a\000t\000a\000b\000a\000s\000e}{section.13}% 52
\BOOKMARK [2][-]{subsection.13.2}{\376\377\000D\000a\000t\000a\000\040\000S\000y\000n\000c\000h\000r\000o\000n\000i\000z\000a\000t\000i\000o\000n\000\040\000a\000n\000d\000\040\000C\000o\000n\000s\000i\000s\000t\000e\000n\000c\000y}{section.13}% 53
\BOOKMARK [2][-]{subsection.13.3}{\376\377\000V\000e\000r\000s\000i\000o\000n\000\040\000C\000o\000m\000p\000a\000t\000i\000b\000i\000l\000i\000t\000y\000\040\000a\000n\000d\000\040\000A\000P\000I\000\040\000E\000v\000o\000l\000u\000t\000i\000o\000n}{section.13}% 54
\BOOKMARK [1][-]{section.14}{\376\377\000D\000a\000t\000a\000\040\000M\000o\000d\000e\000l\000\040\000a\000n\000d\000\040\000S\000t\000o\000r\000a\000g\000e\000\040\000D\000e\000c\000i\000s\000i\000o\000n\000s}{}% 55
\BOOKMARK [2][-]{subsection.14.1}{\376\377\000M\000o\000n\000g\000o\000D\000B\000\040\000f\000o\000r\000\040\000A\000l\000l\000\040\000D\000a\000t\000a\000:\000\040\000K\000n\000o\000w\000l\000e\000d\000g\000e\000\040\000G\000r\000a\000p\000h\000\040\000F\000o\000u\000n\000d\000a\000t\000i\000o\000n}{section.14}% 56
\BOOKMARK [2][-]{subsection.14.2}{\376\377\000D\000o\000c\000u\000m\000e\000n\000t\000\040\000C\000o\000l\000l\000e\000c\000t\000i\000o\000n\000s\000\040\000a\000n\000d\000\040\000R\000e\000l\000a\000t\000i\000o\000n\000s\000h\000i\000p\000s}{section.14}% 57
\BOOKMARK [1][-]{section.15}{\376\377\000F\000u\000t\000u\000r\000e\000\040\000E\000v\000o\000l\000u\000t\000i\000o\000n}{}% 58
\BOOKMARK [2][-]{subsection.15.1}{\376\377\000W\000h\000a\000t\000\040\000I\000n\000i\000t\000i\000a\000l\000\040\000I\000m\000p\000l\000e\000m\000e\000n\000t\000a\000t\000i\000o\000n\000\040\000D\000e\000l\000i\000b\000e\000r\000a\000t\000e\000l\000y\000\040\000E\000x\000c\000l\000u\000d\000e\000s}{section.15}% 59
\BOOKMARK [1][-]{section.16}{\376\377\000C\000o\000n\000c\000l\000u\000s\000i\000o\000n}{}% 60
\BOOKMARK [2][-]{subsection.16.1}{\376\377\000C\000o\000m\000p\000r\000e\000h\000e\000n\000s\000i\000v\000e\000\040\000P\000l\000a\000t\000f\000o\000r\000m\000\040\000A\000r\000c\000h\000i\000t\000e\000c\000t\000u\000r\000e}{section.16}% 61
\BOOKMARK [2][-]{subsection.16.2}{\376\377\000A\000r\000c\000h\000i\000t\000e\000c\000t\000u\000r\000a\000l\000\040\000P\000r\000i\000n\000c\000i\000p\000l\000e\000s\000\040\000S\000y\000n\000t\000h\000e\000s\000i\000z\000e\000d}{section.16}% 62
\BOOKMARK [2][-]{subsection.16.3}{\376\377\000S\000u\000c\000c\000e\000s\000s\000\040\000C\000r\000i\000t\000e\000r\000i\000a\000\040\000f\000o\000r\000\040\000A\000u\000t\000h\000e\000n\000t\000i\000c\000a\000t\000i\000o\000n\000\040\000A\000r\000c\000h\000i\000t\000e\000c\000t\000u\000r\000e}{section.16}% 63
\BOOKMARK [2][-]{subsection.16.4}{\376\377\000A\000r\000c\000h\000i\000t\000e\000c\000t\000u\000r\000e\000\040\000a\000s\000\040\000L\000i\000v\000i\000n\000g\000\040\000D\000e\000s\000i\000g\000n}{section.16}% 64
\BOOKMARK [2][-]{subsection.16.5}{\376\377\000F\000u\000t\000u\000r\000e\000\040\000A\000r\000c\000h\000i\000t\000e\000c\000t\000u\000r\000a\000l\000\040\000E\000n\000h\000a\000n\000c\000e\000m\000e\000n\000t\000s}{section.16}% 65
