\BOOKMARK [1][-]{section.1}{\376\377\000R\000E\000V\000I\000Z\000I\000J\000A\000\040\000A\000R\000H\000I\000T\000E\000K\000T\000U\000R\000E\000\040\000-\000\040\000P\000r\000o\000s\000i\000n\000a\000c\000\040\0002\0000\0002\0004\000.}{}% 1
\BOOKMARK [2][-]{subsection.1.1}{\376\377\000R\000e\000v\000i\000d\000i\000r\000a\000n\000e\000\040\000u\000l\000o\000g\000e\000\040\000k\000o\000m\000p\000o\000n\000e\000n\000t\000i}{section.1}% 2
\BOOKMARK [2][-]{subsection.1.2}{\376\377\000K\000l\000j\000u\001\015\000n\000e\000\040\000p\000r\000o\000m\000j\000e\000n\000e\000\040\000u\000\040\000o\000d\000n\000o\000s\000u\000\040\000n\000a\000\040\000p\000r\000e\000t\000h\000o\000d\000n\000i\000\040\000m\000o\000d\000e\000l}{section.1}% 3
\BOOKMARK [2][-]{subsection.1.3}{\376\377\000P\000r\000e\000d\000n\000o\000s\000t\000i\000\040\000r\000e\000v\000i\000d\000i\000r\000a\000n\000e\000\040\000a\000r\000h\000i\000t\000e\000k\000t\000u\000r\000e}{section.1}% 4
\BOOKMARK [2][-]{subsection.1.4}{\376\377\000U\000t\000j\000e\000c\000a\000j\000\040\000n\000a\000\040\000o\000v\000a\000j\000\040\000d\000o\000k\000u\000m\000e\000n\000t}{section.1}% 5
\BOOKMARK [2][-]{subsection.1.5}{\376\377\000I\000n\000t\000e\000g\000r\000a\000c\000i\000j\000a\000\040\000u\000\040\000n\000o\000v\000o\000m\000\040\000m\000o\000d\000e\000l\000u}{section.1}% 6
\BOOKMARK [1][-]{section.2}{\376\377\000I\000z\000v\000r\001\141\000n\000i\000\040\000s\000a\001\176\000e\000t\000a\000k}{}% 7
\BOOKMARK [2][-]{subsection.2.1}{\376\377\000S\000v\000r\000h\000a\000\040\000i\000\040\000o\000p\000s\000e\000g}{section.2}% 8
\BOOKMARK [2][-]{subsection.2.2}{\376\377\000Z\000n\000a\000n\000s\000t\000v\000e\000n\000i\000\040\000k\000o\000n\000t\000e\000k\000s\000t\000:\000\040\000t\000D\000E\000B\000\040\000p\000r\000o\000j\000e\000k\000t}{section.2}% 9
\BOOKMARK [2][-]{subsection.2.3}{\376\377\000M\000i\000s\000i\000j\000a\000\040\000i\000\040\000z\000a\000h\000t\000j\000e\000v\000i\000\040\000p\000l\000a\000t\000f\000o\000r\000m\000e}{section.2}% 10
\BOOKMARK [2][-]{subsection.2.4}{\376\377\000A\000r\000h\000i\000t\000e\000k\000t\000o\000n\000s\000k\000a\000\040\000f\000i\000l\000o\000z\000o\000f\000i\000j\000a}{section.2}% 11
\BOOKMARK [2][-]{subsection.2.5}{\376\377\000S\000v\000r\000h\000a\000\040\000d\000o\000k\000u\000m\000e\000n\000t\000a}{section.2}% 12
\BOOKMARK [2][-]{subsection.2.6}{\376\377\000S\000t\000r\000u\000k\000t\000u\000r\000a\000\040\000d\000o\000k\000u\000m\000e\000n\000t\000a}{section.2}% 13
\BOOKMARK [1][-]{section.3}{\376\377\000R\000a\000z\000m\000a\000t\000r\000a\000n\000j\000a\000\040\000s\000k\000a\000l\000e\000\040\000i\000\040\000p\000r\000o\000j\000e\000k\000t\000n\000a\000\040\000o\000g\000r\000a\000n\000i\001\015\000e\000n\000j\000a}{}% 14
\BOOKMARK [2][-]{subsection.3.1}{\376\377\000B\000e\000t\000a\000\040\000p\000l\000a\000t\000f\000o\000r\000m\000a\000:\000\040\0001\0000\000-\0002\0000\000\040\000k\000o\000r\000i\000s\000n\000i\000k\000a\000,\000\040\000m\000a\000k\000s\000i\000m\000a\000l\000n\000o\000\040\000\040\0001\0000\0000\000\040\000k\000o\000r\000i\000s\000n\000i\000k\000a}{section.3}% 15
\BOOKMARK [1][-]{section.4}{\376\377\000S\000i\000s\000t\000e\000m\000s\000k\000a\000\040\000a\000r\000h\000i\000t\000e\000k\000t\000u\000r\000a\000:\000\040\000F\000u\000n\000d\000a\000m\000e\000n\000t\000a\000l\000n\000i\000\040\000i\000z\000b\000o\000r\000i}{}% 16
\BOOKMARK [2][-]{subsection.4.1}{\376\377\000A\000r\000h\000i\000t\000e\000k\000t\000u\000r\000a\000\040\000t\000r\000i\000\040\000k\000o\000m\000p\000o\000n\000e\000n\000t\000e\000\040\000\050\000R\000e\000v\000i\000z\000i\000r\000a\000n\000o\000\040\000p\000r\000o\000s\000i\000n\000a\000c\000\040\0002\0000\0002\0004\000.\000\051}{section.4}% 17
\BOOKMARK [2][-]{subsection.4.2}{\376\377\000A\000r\000h\000i\000t\000e\000k\000t\000u\000r\000a\000\040\000d\000i\000j\000e\000l\000j\000e\000n\000e\000\040\000b\000a\000z\000e\000\040\000p\000o\000d\000a\000t\000a\000k\000a}{section.4}% 18
\BOOKMARK [2][-]{subsection.4.3}{\376\377\000P\000a\000k\000e\000t\000\040\000a\000d\000v\000a\000n\000d\000e\000b\000-\000s\000h\000a\000r\000e\000d\000-\000u\000t\000i\000l\000s}{section.4}% 19
\BOOKMARK [1][-]{section.5}{\376\377\000A\000r\000h\000i\000t\000e\000k\000t\000u\000r\000a\000\040\000a\000u\000t\000e\000n\000t\000i\000f\000i\000k\000a\000c\000i\000j\000e}{}% 20
\BOOKMARK [2][-]{subsection.5.1}{\376\377\000G\000o\000o\000g\000l\000e\000\040\000O\000A\000u\000t\000h\000\040\0002\000.\0000\000\040\000k\000a\000o\000\040\000p\000r\000i\000m\000a\000r\000n\000a\000\040\000a\000u\000t\000e\000n\000t\000i\000f\000i\000k\000a\000c\000i\000j\000a}{section.5}% 21
\BOOKMARK [1][-]{section.6}{\376\377\000M\000o\000d\000e\000l\000\040\000u\000l\000o\000g\000a\000:\000\040\000D\000o\000z\000v\000o\000l\000e\000\040\000t\000e\000m\000e\000l\000j\000e\000n\000e\000\040\000n\000a\000\040\000m\000o\000g\000u\001\007\000n\000o\000s\000t\000i\000m\000a}{}% 22
\BOOKMARK [2][-]{subsection.6.1}{\376\377\000T\000r\000i\000\040\000o\000s\000n\000o\000v\000n\000e\000\040\000u\000l\000o\000g\000e\000:\000\040\000A\000d\000m\000i\000n\000i\000s\000t\000r\000a\000t\000o\000r\000,\000\040\000K\000u\000r\000a\000t\000o\000r\000,\000\040\000E\000x\000p\000l\000o\000r\000a\000t\000o\000r}{section.6}% 23
\BOOKMARK [2][-]{subsection.6.2}{\376\377\001\014\000e\000t\000i\000r\000i\000\040\000m\000o\000g\000u\001\007\000n\000o\000s\000t\000i}{section.6}% 24
\BOOKMARK [2][-]{subsection.6.3}{\376\377\000Z\000a\001\141\000t\000o\000\040\000j\000e\000\040\000K\000n\000o\000w\000l\000e\000d\000g\000e\000\040\000E\000x\000p\000l\000o\000r\000a\000t\000o\000r\000\040\000v\000a\001\176\000a\000n}{section.6}% 25
\BOOKMARK [1][-]{section.7}{\376\377\000D\000i\000z\000a\000j\000n\000\040\000b\000a\000z\000e\000\040\000p\000o\000d\000a\000t\000a\000k\000a\000:\000\040\000M\000o\000n\000g\000o\000D\000B\000\040\000k\000a\000o\000\040\000t\000e\000m\000e\000l\000j}{}% 26
\BOOKMARK [2][-]{subsection.7.1}{\376\377\000Z\000a\001\141\000t\000o\000\040\000M\000o\000n\000g\000o\000D\000B\000\040\000u\000m\000j\000e\000s\000t\000o\000\040\000r\000e\000l\000a\000c\000i\000o\000n\000i\000h\000\040\000b\000a\000z\000a\000\040\000p\000o\000d\000a\000t\000a\000k\000a}{section.7}% 27
\BOOKMARK [2][-]{subsection.7.2}{\376\377\000D\000i\000z\000a\000j\000n\000\040\000k\000o\000l\000e\000k\000c\000i\000j\000a\000\040\000i\000\040\000m\000o\000d\000e\000l\000i\000r\000a\000n\000j\000e\000\040\000p\000o\000d\000a\000t\000a\000k\000a}{section.7}% 28
\BOOKMARK [1][-]{section.8}{\376\377\000S\000i\000g\000u\000r\000n\000o\000s\000n\000a\000\040\000a\000r\000h\000i\000t\000e\000k\000t\000u\000r\000a}{}% 29
\BOOKMARK [2][-]{subsection.8.1}{\376\377\000O\000b\000r\000a\000n\000a\000\040\000u\000\040\000d\000u\000b\000i\000n\000u\000\040\000k\000r\000o\000z\000\040\000v\000i\001\141\000e\000s\000t\000r\000u\000k\000e\000\040\000m\000e\000t\000o\000d\000e\000\040\000a\000u\000t\000e\000n\000t\000i\000f\000i\000k\000a\000c\000i\000j\000e}{section.8}% 30
\BOOKMARK [2][-]{subsection.8.2}{\376\377\000O\000g\000r\000a\000n\000i\001\015\000a\000v\000a\000n\000j\000e\000\040\000s\000t\000o\000p\000e\000\040\000z\000a\000\040\000p\000r\000e\000v\000e\000n\000c\000i\000j\000u\000\040\000z\000l\000o\000u\000p\000o\000t\000r\000e\000b\000e}{section.8}% 31
\BOOKMARK [2][-]{subsection.8.3}{\376\377\000S\000v\000e\000o\000b\000u\000h\000v\000a\000t\000n\000o\000\040\000r\000e\000v\000i\000z\000i\000j\000s\000k\000o\000\040\000z\000a\000p\000i\000s\000i\000v\000a\000n\000j\000e}{section.8}% 32
\BOOKMARK [1][-]{section.9}{\376\377\000S\000k\000a\000l\000a\000b\000i\000l\000n\000o\000s\000t\000\040\000i\000\040\000p\000e\000r\000f\000o\000r\000m\000a\000n\000s\000e}{}% 33
\BOOKMARK [2][-]{subsection.9.1}{\376\377\000H\000o\000r\000i\000z\000o\000n\000t\000a\000l\000n\000o\000\040\000s\000k\000a\000l\000i\000r\000a\000n\000j\000e\000\040\000s\000\040\000M\000o\000n\000g\000o\000D\000B\000\040\000s\000h\000a\000r\000d\000i\000n\000g\000-\000o\000m}{section.9}% 34
\BOOKMARK [2][-]{subsection.9.2}{\376\377\000C\000a\000c\000h\000i\000r\000a\000n\000j\000e\000\040\000z\000a\000\040\000u\001\015\000e\000s\000t\000a\000l\000e\000\040\000u\000p\000i\000t\000e}{section.9}% 35
\BOOKMARK [2][-]{subsection.9.3}{\376\377\000A\000s\000i\000n\000k\000r\000o\000n\000a\000\040\000o\000b\000r\000a\000d\000a\000\040\000z\000a\000\040\000d\000u\000g\000o\000t\000r\000a\000j\000n\000e\000\040\000o\000p\000e\000r\000a\000c\000i\000j\000e}{section.9}% 36
\BOOKMARK [1][-]{section.10}{\376\377\000D\000e\000p\000l\000o\000y\000m\000e\000n\000t\000\040\000i\000\040\000O\000p\000e\000r\000a\000t\000i\000o\000n\000s}{}% 37
\BOOKMARK [2][-]{subsection.10.1}{\376\377\000C\000o\000n\000t\000a\000i\000n\000e\000r\000i\000z\000a\000c\000i\000j\000a\000\040\000s\000\040\000D\000o\000c\000k\000e\000r\000-\000o\000m}{section.10}% 38
\BOOKMARK [2][-]{subsection.10.2}{\376\377\000M\000o\000n\000i\000t\000o\000r\000i\000n\000g\000\040\000i\000\040\000o\000b\000s\000e\000r\000v\000a\000b\000i\000l\000i\000t\000y}{section.10}% 39
\BOOKMARK [2][-]{subsection.10.3}{\376\377\000B\000a\000c\000k\000u\000p\000\040\000i\000\040\000d\000i\000s\000a\000s\000t\000e\000r\000\040\000r\000e\000c\000o\000v\000e\000r\000y}{section.10}% 40
\BOOKMARK [1][-]{section.11}{\376\377\000A\000r\000h\000i\000t\000e\000k\000t\000u\000r\000a\000\040\000K\000n\000o\000w\000l\000e\000d\000g\000e\000\040\000B\000u\000i\000l\000d\000e\000r\000a\000\040\000\050\000n\000a\000s\000t\000a\000v\000a\000k\000\051}{}% 41
\BOOKMARK [2][-]{subsection.11.1}{\376\377\000T\000i\000j\000e\000k\000\040\000r\000a\000d\000a\000\040\000m\000o\000d\000e\000l\000i\000r\000a\000n\000j\000a\000\040\000t\000e\000m\000e\000l\000j\000e\000n\000\040\000n\000a\000\040\000s\000c\000e\000n\000a\000r\000i\000j\000i\000m\000a}{section.11}% 42
\BOOKMARK [2][-]{subsection.11.2}{\376\377\000S\000a\000s\000t\000a\000v\000l\000j\000a\000n\000j\000e\000\040\000i\000\040\000p\000r\000e\000d\000s\000t\000a\000v\000l\000j\000a\000n\000j\000e\000\040\000m\000o\000d\000e\000l\000a}{section.11}% 43
\BOOKMARK [2][-]{subsection.11.3}{\376\377\000I\000n\000t\000e\000g\000r\000a\000c\000i\000j\000a\000\040\000s\000\040\000K\000n\000o\000w\000l\000e\000d\000g\000e\000\040\000B\000u\000i\000l\000d\000e\000r\000o\000m}{section.11}% 44
\BOOKMARK [1][-]{section.12}{\376\377\000A\000r\000h\000i\000t\000e\000k\000t\000u\000r\000a\000\040\000i\000n\000t\000e\000g\000r\000a\000c\000i\000j\000e\000\040\000i\000\040\000u\000g\000o\000v\000o\000r\000i\000\040\000o\000\040\000p\000o\000d\000a\000c\000i\000m\000a}{}% 45
\BOOKMARK [2][-]{subsection.12.1}{\376\377\000A\000P\000I\000\040\000v\000e\000r\000z\000i\000o\000n\000i\000r\000a\000n\000j\000e\000\040\000i\000\040\000u\000g\000o\000v\000o\000r\000i}{section.12}% 46
\BOOKMARK [2][-]{subsection.12.2}{\376\377\000D\000i\000j\000e\000l\000j\000e\000n\000j\000e\000\040\000s\000h\000e\000m\000e\000\040\000p\000o\000d\000a\000t\000a\000k\000a}{section.12}% 47
\BOOKMARK [2][-]{subsection.12.3}{\376\377\000S\000t\000r\000a\000t\000e\000g\000i\000j\000a\000\040\000I\000D\000\040\000r\000e\000f\000e\000r\000e\000n\000c\000e}{section.12}% 48
\BOOKMARK [1][-]{section.13}{\376\377\000M\000o\000d\000e\000l\000\040\000p\000o\000d\000a\000t\000a\000k\000a\000\040\000i\000\040\000o\000d\000l\000u\000k\000e\000\040\000o\000\040\000p\000o\000h\000r\000a\000n\000i}{}% 49
\BOOKMARK [2][-]{subsection.13.1}{\376\377\000S\000t\000r\000u\000k\000t\000u\000r\000a\000\040\000M\000o\000n\000g\000o\000D\000B\000\040\000k\000o\000l\000e\000k\000c\000i\000j\000a}{section.13}% 50
\BOOKMARK [2][-]{subsection.13.2}{\376\377\000I\000n\000d\000e\000k\000s\000n\000a\000\040\000s\000t\000r\000a\000t\000e\000g\000i\000j\000a}{section.13}% 51
\BOOKMARK [1][-]{section.14}{\376\377\000B\000u\000d\000u\001\007\000a\000\040\000e\000v\000o\000l\000u\000c\000i\000j\000a}{}% 52
\BOOKMARK [2][-]{subsection.14.1}{\376\377\001\140\000t\000o\000\040\000i\000n\000i\000c\000i\000j\000a\000l\000n\000a\000\040\000i\000m\000p\000l\000e\000m\000e\000n\000t\000a\000c\000i\000j\000a\000\040\000n\000a\000m\000j\000e\000r\000n\000o\000\040\000i\000s\000k\000l\000j\000u\001\015\000u\000j\000e}{section.14}% 53
\BOOKMARK [1][-]{section.15}{\376\377\000Z\000a\000k\000l\000j\000u\001\015\000a\000k}{}% 54
\BOOKMARK [2][-]{subsection.15.1}{\376\377\000S\000v\000e\000o\000b\000u\000h\000v\000a\000t\000n\000a\000\040\000a\000r\000h\000i\000t\000e\000k\000t\000u\000r\000a\000\040\000p\000l\000a\000t\000f\000o\000r\000m\000e}{section.15}% 55
\BOOKMARK [2][-]{subsection.15.2}{\376\377\000S\000i\000n\000t\000e\000t\000i\000z\000i\000r\000a\000n\000i\000\040\000a\000r\000h\000i\000t\000e\000k\000t\000o\000n\000s\000k\000i\000\040\000p\000r\000i\000n\000c\000i\000p\000i}{section.15}% 56
\BOOKMARK [2][-]{subsection.15.3}{\376\377\000K\000r\000i\000t\000e\000r\000i\000j\000i\000\040\000u\000s\000p\000j\000e\000h\000a\000\040\000z\000a\000\040\000a\000r\000h\000i\000t\000e\000k\000t\000u\000r\000u}{section.15}% 57
\BOOKMARK [2][-]{subsection.15.4}{\376\377\000A\000r\000h\000i\000t\000e\000k\000t\000u\000r\000a\000\040\000k\000a\000o\000\040\001\176\000i\000v\000i\000\040\000d\000i\000z\000a\000j\000n}{section.15}% 58
\BOOKMARK [2][-]{subsection.15.5}{\376\377\000B\000u\000d\000u\001\007\000a\000\040\000a\000r\000h\000i\000t\000e\000k\000t\000o\000n\000s\000k\000a\000\040\000p\000o\000b\000o\000l\000j\001\141\000a\000n\000j\000a}{section.15}% 59
