\BOOKMARK [1][-]{section.1}{\376\377\000I\000z\000v\000r\001\141\000n\000i\000\040\000S\000a\001\176\000e\000t\000a\000k}{}% 1
\BOOKMARK [2][-]{subsection.1.1}{\376\377\000P\000r\000e\000g\000l\000e\000d\000\040\000P\000r\000o\000j\000e\000k\000t\000a}{section.1}% 2
\BOOKMARK [2][-]{subsection.1.2}{\376\377\000T\000r\000e\000n\000u\000t\000n\000a\000\040\000F\000a\000z\000a\000\040\000R\000a\000z\000v\000o\000j\000a}{section.1}% 3
\BOOKMARK [2][-]{subsection.1.3}{\376\377\000K\000l\000j\000u\001\015\000n\000a\000\040\000A\000r\000h\000i\000t\000e\000k\000t\000o\000n\000s\000k\000a\000\040\000O\000d\000l\000u\000k\000a\000:\000\040\000P\000o\000j\000e\000d\000n\000o\000s\000t\000a\000v\000l\000j\000e\000n\000j\000e\000\040\000v\0003\000.\0000}{section.1}% 4
\BOOKMARK [1][-]{section.2}{\376\377\000A\000r\000h\000i\000t\000e\000k\000t\000u\000r\000a\000\040\000S\000u\000s\000t\000a\000v\000a}{}% 5
\BOOKMARK [2][-]{subsection.2.1}{\376\377\000K\000o\000m\000p\000o\000n\000e\000n\000t\000e\000\040\000P\000l\000a\000t\000f\000o\000r\000m\000e}{section.2}% 6
\BOOKMARK [3][-]{subsubsection.2.1.1}{\376\377\000a\000d\000v\000a\000n\000d\000e\000b\000-\000s\000h\000a\000r\000e\000d\000-\000u\000t\000i\000l\000s}{subsection.2.1}% 7
\BOOKMARK [3][-]{subsubsection.2.1.2}{\376\377\000K\000n\000o\000w\000l\000e\000d\000g\000e\000\040\000B\000u\000i\000l\000d\000e\000r}{subsection.2.1}% 8
\BOOKMARK [3][-]{subsubsection.2.1.3}{\376\377\000M\000o\000d\000e\000l\000i\000n\000g\000\040\000A\000s\000s\000i\000s\000t\000a\000n\000t}{subsection.2.1}% 9
\BOOKMARK [2][-]{subsection.2.2}{\376\377\000A\000r\000h\000i\000t\000e\000k\000t\000u\000r\000a\000\040\000A\000u\000t\000e\000n\000t\000i\000f\000i\000k\000a\000c\000i\000j\000e}{section.2}% 10
\BOOKMARK [3][-]{subsubsection.2.2.1}{\376\377\000J\000e\000d\000i\000n\000s\000t\000v\000e\000n\000a\000\040\000P\000r\000i\000j\000a\000v\000a\000\040\000\050\000S\000S\000O\000\051}{subsection.2.2}% 11
\BOOKMARK [3][-]{subsubsection.2.2.2}{\376\377\000M\000e\000t\000o\000d\000e\000\040\000A\000u\000t\000e\000n\000t\000i\000f\000i\000k\000a\000c\000i\000j\000e}{subsection.2.2}% 12
\BOOKMARK [3][-]{subsubsection.2.2.3}{\376\377\000P\000l\000a\000t\000f\000o\000r\000m\000s\000k\000a\000\040\000B\000a\000z\000a\000\040\000K\000o\000r\000i\000s\000n\000i\000k\000a}{subsection.2.2}% 13
\BOOKMARK [1][-]{section.3}{\376\377\000M\000o\000d\000e\000l\000\040\000U\000l\000o\000g\000a\000\040\000i\000\040\000D\000o\000z\000v\000o\000l\000a\000\040\000v\0003\000.\0000}{}% 14
\BOOKMARK [2][-]{subsection.3.1}{\376\377\000O\000s\000n\000o\000v\000n\000e\000\040\000U\000l\000o\000g\000e}{section.3}% 15
\BOOKMARK [3][-]{subsubsection.3.1.1}{\376\377\000A\000d\000m\000i\000n\000i\000s\000t\000r\000a\000t\000o\000r}{subsection.3.1}% 16
\BOOKMARK [3][-]{subsubsection.3.1.2}{\376\377\000K\000u\000s\000t\000o\000s\000\040\000Z\000n\000a\000n\000j\000a}{subsection.3.1}% 17
\BOOKMARK [3][-]{subsubsection.3.1.3}{\376\377\000I\000s\000t\000r\000a\001\176\000i\000v\000a\001\015\000\040\000Z\000n\000a\000n\000j\000a}{subsection.3.1}% 18
\BOOKMARK [2][-]{subsection.3.2}{\376\377\000R\000a\000d\000n\000i\000\040\000P\000r\000o\000c\000e\000s\000\040\000Z\000a\000h\000t\000j\000e\000v\000a\000\040\000z\000a\000\040\000S\000p\000o\000s\000o\000b\000n\000o\000s\000t\000i}{section.3}% 19
\BOOKMARK [3][-]{subsubsection.3.2.1}{\376\377\000N\000o\000v\000i\000\040\000K\000o\000r\000i\000s\000n\000i\000k\000\040\000-\000\040\000Z\000a\000h\000t\000j\000e\000v\000\040\000z\000a\000\040\000O\000s\000n\000o\000v\000n\000u\000\040\000U\000l\000o\000g\000u}{subsection.3.2}% 20
\BOOKMARK [3][-]{subsubsection.3.2.2}{\376\377\000P\000o\000s\000t\000o\000j\000e\001\007\000i\000\040\000K\000u\000s\000t\000o\000s\000\040\000-\000\040\000Z\000a\000h\000t\000j\000e\000v\000\040\000z\000a\000\040\000S\000p\000o\000s\000o\000b\000n\000o\000s\000t}{subsection.3.2}% 21
\BOOKMARK [2][-]{subsection.3.3}{\376\377\000R\000a\000z\000r\000j\000e\001\141\000a\000v\000a\000n\000j\000e\000\040\000D\000o\000z\000v\000o\000l\000a}{section.3}% 22
\BOOKMARK [1][-]{section.4}{\376\377\000T\000r\000e\000n\000u\000t\000n\000a\000\040\000F\000a\000z\000a\000:\000\040\000P\000l\000a\000n\000\040\000R\000a\000z\000v\000o\000j\000a\000\040\000F\000a\000z\000e\000\040\0000}{}% 23
\BOOKMARK [2][-]{subsection.4.1}{\376\377\000P\000r\000e\000g\000l\000e\000d\000\040\000F\000a\000z\000e}{section.4}% 24
\BOOKMARK [2][-]{subsection.4.2}{\376\377\000P\000l\000a\000n\000\040\000I\000m\000p\000l\000e\000m\000e\000n\000t\000a\000c\000i\000j\000e}{section.4}% 25
\BOOKMARK [3][-]{subsubsection.4.2.1}{\376\377\000F\000a\000z\000a\000\040\0001\000:\000\040\000T\000e\000m\000e\000l\000j}{subsection.4.2}% 26
\BOOKMARK [3][-]{subsubsection.4.2.2}{\376\377\000F\000a\000z\000a\000\040\0002\000:\000\040\000B\000a\000c\000k\000e\000n\000d\000\040\000U\000p\000r\000a\000v\000l\000j\000a\000n\000j\000a\000\040\000K\000o\000r\000i\000s\000n\000i\000c\000i\000m\000a}{subsection.4.2}% 27
\BOOKMARK [3][-]{subsubsection.4.2.3}{\376\377\000F\000a\000z\000a\000\040\0003\000:\000\040\000I\000n\000t\000e\000g\000r\000a\000c\000i\000j\000a\000\040\000F\000r\000o\000n\000t\000e\000n\000d\000a}{subsection.4.2}% 28
\BOOKMARK [3][-]{subsubsection.4.2.4}{\376\377\000F\000a\000z\000a\000\040\0004\000:\000\040\000R\000a\000d\000n\000i\000\040\000P\000r\000o\000c\000e\000s\000\040\000R\000e\000c\000e\000n\000z\000i\000j\000e}{subsection.4.2}% 29
\BOOKMARK [3][-]{subsubsection.4.2.5}{\376\377\000F\000a\000z\000a\000\040\0005\000:\000\040\000D\000a\000y\000\040\000Z\000e\000r\000o\000\040\000i\000\040\000M\000i\000g\000r\000a\000c\000i\000j\000a}{subsection.4.2}% 30
\BOOKMARK [3][-]{subsubsection.4.2.6}{\376\377\000F\000a\000z\000a\000\040\0006\000:\000\040\000M\000A\000\040\000I\000n\000t\000e\000g\000r\000a\000c\000i\000j\000a\000\040\000i\000\040\000D\000o\000t\000j\000e\000r\000i\000v\000a\000n\000j\000e}{subsection.4.2}% 31
\BOOKMARK [1][-]{section.5}{\376\377\000T\000e\000h\000n\000i\001\015\000k\000i\000\040\000D\000e\000t\000a\000l\000j\000i\000\040\000I\000m\000p\000l\000e\000m\000e\000n\000t\000a\000c\000i\000j\000e}{}% 32
\BOOKMARK [2][-]{subsection.5.1}{\376\377\000S\000h\000e\000m\000a\000\040\000B\000a\000z\000e\000\040\000P\000o\000d\000a\000t\000a\000k\000a}{section.5}% 33
\BOOKMARK [3][-]{subsubsection.5.1.1}{\376\377\000u\000s\000e\000r\000s\000\040\000K\000o\000l\000e\000k\000c\000i\000j\000a}{subsection.5.1}% 34
\BOOKMARK [3][-]{subsubsection.5.1.2}{\376\377\000c\000a\000p\000a\000b\000i\000l\000i\000t\000y\000\137\000r\000e\000q\000u\000e\000s\000t\000s\000\040\000K\000o\000l\000e\000k\000c\000i\000j\000a}{subsection.5.1}% 35
\BOOKMARK [3][-]{subsubsection.5.1.3}{\376\377\000a\000p\000i\000\137\000k\000e\000y\000s\000\040\000K\000o\000l\000e\000k\000c\000i\000j\000a}{subsection.5.1}% 36
\BOOKMARK [3][-]{subsubsection.5.1.4}{\376\377\000a\000u\000d\000i\000t\000\137\000l\000o\000g\000s\000\040\000K\000o\000l\000e\000k\000c\000i\000j\000a}{subsection.5.1}% 37
\BOOKMARK [2][-]{subsection.5.2}{\376\377\000A\000P\000I\000\040\000K\000r\000a\000j\000n\000j\000e\000\040\000T\000o\001\015\000k\000e}{section.5}% 38
\BOOKMARK [3][-]{subsubsection.5.2.1}{\376\377\000R\000u\000t\000e\000\040\000A\000u\000t\000e\000n\000t\000i\000f\000i\000k\000a\000c\000i\000j\000e}{subsection.5.2}% 39
\BOOKMARK [3][-]{subsubsection.5.2.2}{\376\377\000R\000u\000t\000e\000\040\000U\000p\000r\000a\000v\000l\000j\000a\000n\000j\000a\000\040\000K\000o\000r\000i\000s\000n\000i\000c\000i\000m\000a}{subsection.5.2}% 40
\BOOKMARK [3][-]{subsubsection.5.2.3}{\376\377\000R\000u\000t\000e\000\040\000Z\000a\000h\000t\000j\000e\000v\000a\000\040\000z\000a\000\040\000S\000p\000o\000s\000o\000b\000n\000o\000s\000t\000i}{subsection.5.2}% 41
\BOOKMARK [3][-]{subsubsection.5.2.4}{\376\377\000R\000u\000t\000e\000\040\000A\000P\000I\000\040\000K\000l\000j\000u\001\015\000e\000v\000a}{subsection.5.2}% 42
\BOOKMARK [3][-]{subsubsection.5.2.5}{\376\377\000R\000u\000t\000e\000\040\000R\000e\000c\000e\000n\000z\000i\000j\000e}{subsection.5.2}% 43
\BOOKMARK [2][-]{subsection.5.3}{\376\377\000S\000i\000g\000u\000r\000n\000o\000s\000n\000e\000\040\000R\000a\000z\000m\000a\000t\000r\000a\000n\000j\000a}{section.5}% 44
\BOOKMARK [3][-]{subsubsection.5.3.1}{\376\377\000S\000i\000g\000u\000r\000n\000o\000s\000t\000\040\000T\000o\000k\000e\000n\000a}{subsection.5.3}% 45
\BOOKMARK [3][-]{subsubsection.5.3.2}{\376\377\000S\000i\000g\000u\000r\000n\000o\000s\000t\000\040\000A\000P\000I\000\040\000K\000l\000j\000u\001\015\000e\000v\000a}{subsection.5.3}% 46
\BOOKMARK [3][-]{subsubsection.5.3.3}{\376\377\000O\000g\000r\000a\000n\000i\001\015\000a\000v\000a\000n\000j\000e\000\040\000S\000t\000o\000p\000e}{subsection.5.3}% 47
\BOOKMARK [3][-]{subsubsection.5.3.4}{\376\377\000R\000e\000v\000i\000z\000i\000j\000s\000k\000o\000\040\000B\000i\000l\000j\000e\001\176\000e\000n\000j\000e}{subsection.5.3}% 48
\BOOKMARK [1][-]{section.6}{\376\377\000S\000t\000r\000a\000t\000e\000g\000i\000j\000a\000\040\000T\000e\000s\000t\000i\000r\000a\000n\000j\000a}{}% 49
\BOOKMARK [2][-]{subsection.6.1}{\376\377\000J\000e\000d\000i\000n\000i\001\015\000n\000i\000\040\000T\000e\000s\000t\000o\000v\000i}{section.6}% 50
\BOOKMARK [2][-]{subsection.6.2}{\376\377\000I\000n\000t\000e\000g\000r\000a\000c\000i\000j\000s\000k\000i\000\040\000T\000e\000s\000t\000o\000v\000i}{section.6}% 51
\BOOKMARK [2][-]{subsection.6.3}{\376\377\000E\000n\000d\000-\000t\000o\000-\000E\000n\000d\000\040\000T\000e\000s\000t\000o\000v\000i}{section.6}% 52
\BOOKMARK [2][-]{subsection.6.4}{\376\377\000S\000i\000g\000u\000r\000n\000o\000s\000n\000o\000\040\000T\000e\000s\000t\000i\000r\000a\000n\000j\000e}{section.6}% 53
\BOOKMARK [1][-]{section.7}{\376\377\000P\000l\000a\000n\000\040\000P\000o\000s\000t\000a\000v\000l\000j\000a\000n\000j\000a}{}% 54
\BOOKMARK [2][-]{subsection.7.1}{\376\377\000R\000a\000z\000v\000o\000j\000n\000o\000\040\000O\000k\000r\000u\001\176\000e\000n\000j\000e}{section.7}% 55
\BOOKMARK [2][-]{subsection.7.2}{\376\377\000S\000t\000a\000g\000i\000n\000g\000\040\000O\000k\000r\000u\001\176\000e\000n\000j\000e}{section.7}% 56
\BOOKMARK [2][-]{subsection.7.3}{\376\377\000P\000r\000o\000d\000u\000k\000c\000i\000j\000s\000k\000o\000\040\000O\000k\000r\000u\001\176\000e\000n\000j\000e}{section.7}% 57
\BOOKMARK [1][-]{section.8}{\376\377\000P\000r\000o\000c\000j\000e\000n\000a\000\040\000R\000i\000z\000i\000k\000a}{}% 58
\BOOKMARK [2][-]{subsection.8.1}{\376\377\000T\000e\000h\000n\000i\001\015\000k\000i\000\040\000R\000i\000z\000i\000c\000i}{section.8}% 59
\BOOKMARK [3][-]{subsubsection.8.1.1}{\376\377\000R\000i\000z\000i\000k\000:\000\040\000K\000o\000m\000p\000l\000e\000k\000s\000n\000a\000\040\000L\000o\000g\000i\000k\000a\000\040\000D\000o\000z\000v\000o\000l\000a}{subsection.8.1}% 60
\BOOKMARK [3][-]{subsubsection.8.1.2}{\376\377\000R\000i\000z\000i\000k\000:\000\040\000P\000r\000o\000b\000l\000e\000m\000i\000\040\000O\000A\000u\000t\000h\000\040\000I\000n\000t\000e\000g\000r\000a\000c\000i\000j\000e}{subsection.8.1}% 61
\BOOKMARK [3][-]{subsubsection.8.1.3}{\376\377\000R\000i\000z\000i\000k\000:\000\040\000U\000s\000k\000a\000\040\000G\000r\000l\000a\000\040\000P\000e\000r\000f\000o\000r\000m\000a\000n\000s\000i}{subsection.8.1}% 62
\BOOKMARK [2][-]{subsection.8.2}{\376\377\000P\000r\000o\000j\000e\000k\000t\000n\000i\000\040\000R\000i\000z\000i\000c\000i}{section.8}% 63
\BOOKMARK [3][-]{subsubsection.8.2.1}{\376\377\000R\000i\000z\000i\000k\000:\000\040\000P\000o\000v\000e\001\007\000a\000n\000j\000e\000\040\000O\000p\000s\000e\000g\000a}{subsection.8.2}% 64
\BOOKMARK [3][-]{subsubsection.8.2.2}{\376\377\000R\000i\000z\000i\000k\000:\000\040\000Z\000a\000k\000a\001\141\000n\000j\000e\000n\000j\000a\000\040\000P\000r\000o\000j\000e\000k\000t\000a}{subsection.8.2}% 65
\BOOKMARK [1][-]{section.9}{\376\377\000K\000r\000i\000t\000e\000r\000i\000j\000i\000\040\000U\000s\000p\000j\000e\000h\000a}{}% 66
\BOOKMARK [1][-]{section.10}{\376\377\000S\000l\000j\000e\000d\000e\001\007\000e\000\040\000F\000a\000z\000e}{}% 67
\BOOKMARK [2][-]{subsection.10.1}{\376\377\000F\000a\000z\000a\000\040\0001\000:\000\040\000S\000t\000a\000b\000i\000l\000i\000z\000a\000c\000i\000j\000a\000\040\000K\000n\000o\000w\000l\000e\000d\000g\000e\000\040\000B\000u\000i\000l\000d\000e\000r\000a}{section.10}% 68
\BOOKMARK [2][-]{subsection.10.2}{\376\377\000F\000a\000z\000a\000\040\0002\000:\000\040\000P\000r\000o\000t\000o\000t\000i\000p\000\040\000M\000o\000d\000e\000l\000i\000n\000g\000\040\000A\000s\000s\000i\000s\000t\000a\000n\000t\000a}{section.10}% 69
\BOOKMARK [2][-]{subsection.10.3}{\376\377\000F\000a\000z\000a\000\040\0003\000:\000\040\000P\000o\000b\000o\000l\000j\001\141\000a\000n\000a\000\040\000I\000n\000t\000e\000g\000r\000a\000c\000i\000j\000a\000\040\000i\000\040\000U\000X}{section.10}% 70
\BOOKMARK [2][-]{subsection.10.4}{\376\377\000F\000a\000z\000a\000\040\0004\000:\000\040\000P\000r\000o\001\141\000i\000r\000e\000n\000j\000a\000\040\000i\000\040\000D\000o\000d\000a\000c\000i}{section.10}% 71
\BOOKMARK [1][-]{section.11}{\376\377\000Z\000a\000k\000l\000j\000u\001\015\000a\000k}{}% 72
